[debug] [2020-08-31T09:23:27.362Z] ----------------------------------------------------------------------
[debug] [2020-08-31T09:23:27.363Z] Command:       /Users/alexarroyoduque/.nvm/versions/node/v12.18.3/bin/node /Users/alexarroyoduque/.nvm/versions/node/v12.18.3/bin/firebase deploy
[debug] [2020-08-31T09:23:27.363Z] CLI Version:   8.9.2
[debug] [2020-08-31T09:23:27.363Z] Platform:      darwin
[debug] [2020-08-31T09:23:27.364Z] Node Version:  v12.18.3
[debug] [2020-08-31T09:23:27.365Z] Time:          Mon Aug 31 2020 11:23:27 GMT+0200 (GMT+02:00)
[debug] [2020-08-31T09:23:27.365Z] ----------------------------------------------------------------------
[debug] [2020-08-31T09:23:27.365Z] 
[debug] [2020-08-31T09:23:27.371Z] > command requires scopes: ["email","openid","https://www.googleapis.com/auth/cloudplatformprojects.readonly","https://www.googleapis.com/auth/firebase","https://www.googleapis.com/auth/cloud-platform"]
[debug] [2020-08-31T09:23:27.372Z] > authorizing via signed-in user
[debug] [2020-08-31T09:23:27.372Z] [iam] checking project peteypedia-spanish for permissions ["firebase.projects.get","firebasehosting.sites.update"]
[debug] [2020-08-31T09:23:27.374Z] >>> HTTP REQUEST POST https://cloudresourcemanager.googleapis.com/v1/projects/peteypedia-spanish:testIamPermissions  
 {"permissions":["firebase.projects.get","firebasehosting.sites.update"]}
[debug] [2020-08-31T09:23:28.108Z] <<< HTTP RESPONSE 200 {"content-type":"application/json; charset=UTF-8","vary":"X-Origin, Referer, Origin,Accept-Encoding","date":"Mon, 31 Aug 2020 09:23:28 GMT","server":"ESF","cache-control":"private","x-xss-protection":"0","x-frame-options":"SAMEORIGIN","x-content-type-options":"nosniff","server-timing":"gfet4t7; dur=664","alt-svc":"h3-29=\":443\"; ma=2592000,h3-27=\":443\"; ma=2592000,h3-T051=\":443\"; ma=2592000,h3-T050=\":443\"; ma=2592000,h3-Q050=\":443\"; ma=2592000,h3-Q046=\":443\"; ma=2592000,h3-Q043=\":443\"; ma=2592000,quic=\":443\"; ma=2592000; v=\"46,43\"","accept-ranges":"none","transfer-encoding":"chunked"}
[debug] [2020-08-31T09:23:28.110Z] >>> HTTP REQUEST GET https://firebase.googleapis.com/v1beta1/projects/peteypedia-spanish  
 
[debug] [2020-08-31T09:23:28.373Z] <<< HTTP RESPONSE 200 {"content-type":"application/json; charset=UTF-8","vary":"X-Origin, Referer, Origin,Accept-Encoding","date":"Mon, 31 Aug 2020 09:23:28 GMT","server":"ESF","cache-control":"private","x-xss-protection":"0","x-frame-options":"SAMEORIGIN","x-content-type-options":"nosniff","alt-svc":"h3-29=\":443\"; ma=2592000,h3-27=\":443\"; ma=2592000,h3-T051=\":443\"; ma=2592000,h3-T050=\":443\"; ma=2592000,h3-Q050=\":443\"; ma=2592000,h3-Q046=\":443\"; ma=2592000,h3-Q043=\":443\"; ma=2592000,quic=\":443\"; ma=2592000; v=\"46,43\"","accept-ranges":"none","transfer-encoding":"chunked"}
[info] 
[info] === Deploying to 'peteypedia-spanish'...
[info] 
[info] i  deploying hosting 
[debug] [2020-08-31T09:23:28.376Z] >>> HTTP REQUEST POST https://firebasehosting.googleapis.com/v1beta1/sites/peteypedia-spanish/versions  
 {"config":{"rewrites":[{"glob":"**","path":"/index.html"}]},"labels":{"deployment-tool":"cli-firebase"}}
[debug] [2020-08-31T09:23:29.806Z] <<< HTTP RESPONSE 200 {"content-type":"application/json; charset=UTF-8","vary":"X-Origin, Referer, Origin,Accept-Encoding","date":"Mon, 31 Aug 2020 09:23:29 GMT","server":"ESF","cache-control":"private","x-xss-protection":"0","x-frame-options":"SAMEORIGIN","x-content-type-options":"nosniff","alt-svc":"h3-29=\":443\"; ma=2592000,h3-27=\":443\"; ma=2592000,h3-T051=\":443\"; ma=2592000,h3-T050=\":443\"; ma=2592000,h3-Q050=\":443\"; ma=2592000,h3-Q046=\":443\"; ma=2592000,h3-Q043=\":443\"; ma=2592000,quic=\":443\"; ma=2592000; v=\"46,43\"","accept-ranges":"none","transfer-encoding":"chunked"}
[info] i  hosting[peteypedia-spanish]: beginning deploy... 
[info] i  hosting[peteypedia-spanish]: found 66 files in build/default 
[debug] [2020-08-31T09:23:29.832Z] [hosting] hash cache [YnVpbGQvZGVmYXVsdA] stored for 66 files
[debug] [2020-08-31T09:23:29.832Z] [hosting][hash queue][FINAL] {"max":3,"min":0,"avg":0.12504455747587717,"active":0,"complete":66,"success":66,"errored":0,"retried":0,"total":66,"elapsed":5}
[debug] [2020-08-31T09:23:29.832Z] >>> HTTP REQUEST POST https://firebasehosting.googleapis.com/v1beta1/sites/peteypedia-spanish/versions/625340a68b658182:populateFiles  
 <request body omitted>
